Logfile initialized
[INFO] logfile = /Users/btran/Documents/Titanium Studio Workspace/OfflineMap/build.log
[DEBUG] /Users/btran/Library/Application Support/Titanium/mobilesdk/osx/2.1.4.GA/android/builder.py simulator OfflineMap /Applications/android-sdk-macosx /Users/btran/Documents/Titanium Studio Workspace/OfflineMap com.appcelerator.test.map 7 HVGA 
[INFO] Building OfflineMap for Android ... one moment
[INFO] Titanium SDK version: 2.1.4 (11/09/12 12:46 51f2c64)
[DEBUG] Waiting for device to be ready ...
[TRACE] adb devices returned 1 devices/emulators
[DEBUG] Device connected... (waited 0 seconds)
[DEBUG] waited 0.018874 seconds on emulator to get ready
[DEBUG] com.appcelerator.test.map installed? True
[INFO] Fastdev server running, deploying in Fastdev mode
[INFO] Copying CommonJS modules...
[INFO] Copying project resources..
[TRACE] COPYING MODIFIED FILE: /Users/btran/Documents/Titanium Studio Workspace/OfflineMap/Resources/app/ui/search.js => /Users/btran/Documents/Titanium Studio Workspace/OfflineMap/build/android/bin/assets/Resources/app/ui/search.js
[TRACE] COPYING MODIFIED FILE: /Users/btran/Documents/Titanium Studio Workspace/OfflineMap/Resources/map/map.js => /Users/btran/Documents/Titanium Studio Workspace/OfflineMap/build/android/bin/assets/Resources/map/map.js
[TRACE] Generating Java Classes
[DEBUG] Processing Android resource drawables
[DEBUG] copying app icon: /Users/btran/Documents/Titanium Studio Workspace/OfflineMap/build/android/bin/assets/Resources/appicon.png
[DEBUG] generating theme.xml
[DEBUG] found drawable-long-land-hdpi splash screen at /Users/btran/Documents/Titanium Studio Workspace/OfflineMap/Resources/android/images/res-long-land-hdpi/default.png
[DEBUG] copying /Users/btran/Documents/Titanium Studio Workspace/OfflineMap/Resources/android/images/res-long-land-hdpi/default.png splash screen to /Users/btran/Documents/Titanium Studio Workspace/OfflineMap/build/android/res/drawable-long-land-hdpi/background.png
[DEBUG] found drawable-long-land-ldpi splash screen at /Users/btran/Documents/Titanium Studio Workspace/OfflineMap/Resources/android/images/res-long-land-ldpi/default.png
[DEBUG] copying /Users/btran/Documents/Titanium Studio Workspace/OfflineMap/Resources/android/images/res-long-land-ldpi/default.png splash screen to /Users/btran/Documents/Titanium Studio Workspace/OfflineMap/build/android/res/drawable-long-land-ldpi/background.png
[DEBUG] found drawable-long-port-hdpi splash screen at /Users/btran/Documents/Titanium Studio Workspace/OfflineMap/Resources/android/images/res-long-port-hdpi/default.png
[DEBUG] copying /Users/btran/Documents/Titanium Studio Workspace/OfflineMap/Resources/android/images/res-long-port-hdpi/default.png splash screen to /Users/btran/Documents/Titanium Studio Workspace/OfflineMap/build/android/res/drawable-long-port-hdpi/background.png
[DEBUG] found drawable-long-port-ldpi splash screen at /Users/btran/Documents/Titanium Studio Workspace/OfflineMap/Resources/android/images/res-long-port-ldpi/default.png
[DEBUG] copying /Users/btran/Documents/Titanium Studio Workspace/OfflineMap/Resources/android/images/res-long-port-ldpi/default.png splash screen to /Users/btran/Documents/Titanium Studio Workspace/OfflineMap/build/android/res/drawable-long-port-ldpi/background.png
[DEBUG] found drawable-notlong-land-hdpi splash screen at /Users/btran/Documents/Titanium Studio Workspace/OfflineMap/Resources/android/images/res-notlong-land-hdpi/default.png
[DEBUG] copying /Users/btran/Documents/Titanium Studio Workspace/OfflineMap/Resources/android/images/res-notlong-land-hdpi/default.png splash screen to /Users/btran/Documents/Titanium Studio Workspace/OfflineMap/build/android/res/drawable-notlong-land-hdpi/background.png
[DEBUG] found drawable-notlong-land-ldpi splash screen at /Users/btran/Documents/Titanium Studio Workspace/OfflineMap/Resources/android/images/res-notlong-land-ldpi/default.png
[DEBUG] copying /Users/btran/Documents/Titanium Studio Workspace/OfflineMap/Resources/android/images/res-notlong-land-ldpi/default.png splash screen to /Users/btran/Documents/Titanium Studio Workspace/OfflineMap/build/android/res/drawable-notlong-land-ldpi/background.png
[DEBUG] found drawable-notlong-land-mdpi splash screen at /Users/btran/Documents/Titanium Studio Workspace/OfflineMap/Resources/android/images/res-notlong-land-mdpi/default.png
[DEBUG] copying /Users/btran/Documents/Titanium Studio Workspace/OfflineMap/Resources/android/images/res-notlong-land-mdpi/default.png splash screen to /Users/btran/Documents/Titanium Studio Workspace/OfflineMap/build/android/res/drawable-notlong-land-mdpi/background.png
[DEBUG] found drawable-notlong-port-hdpi splash screen at /Users/btran/Documents/Titanium Studio Workspace/OfflineMap/Resources/android/images/res-notlong-port-hdpi/default.png
[DEBUG] copying /Users/btran/Documents/Titanium Studio Workspace/OfflineMap/Resources/android/images/res-notlong-port-hdpi/default.png splash screen to /Users/btran/Documents/Titanium Studio Workspace/OfflineMap/build/android/res/drawable-notlong-port-hdpi/background.png
[DEBUG] found drawable-notlong-port-ldpi splash screen at /Users/btran/Documents/Titanium Studio Workspace/OfflineMap/Resources/android/images/res-notlong-port-ldpi/default.png
[DEBUG] copying /Users/btran/Documents/Titanium Studio Workspace/OfflineMap/Resources/android/images/res-notlong-port-ldpi/default.png splash screen to /Users/btran/Documents/Titanium Studio Workspace/OfflineMap/build/android/res/drawable-notlong-port-ldpi/background.png
[DEBUG] found drawable-notlong-port-mdpi splash screen at /Users/btran/Documents/Titanium Studio Workspace/OfflineMap/Resources/android/images/res-notlong-port-mdpi/default.png
[DEBUG] copying /Users/btran/Documents/Titanium Studio Workspace/OfflineMap/Resources/android/images/res-notlong-port-mdpi/default.png splash screen to /Users/btran/Documents/Titanium Studio Workspace/OfflineMap/build/android/res/drawable-notlong-port-mdpi/background.png
[DEBUG] found splash screen at /Users/btran/Documents/Titanium Studio Workspace/OfflineMap/build/android/bin/assets/Resources/default.png
[TRACE] Writing out AndroidManifest.xml
[DEBUG] adding /Users/btran/Documents/Titanium Studio Workspace/OfflineMap/build/android/gen/com/appcelerator/test/map/OfflinemapActivity.java to javac build list
[DEBUG] adding /Users/btran/Documents/Titanium Studio Workspace/OfflineMap/build/android/gen/com/appcelerator/test/map/OfflinemapAppInfo.java to javac build list
[DEBUG] adding /Users/btran/Documents/Titanium Studio Workspace/OfflineMap/build/android/gen/com/appcelerator/test/map/OfflinemapApplication.java to javac build list
[DEBUG] adding /Users/btran/Documents/Titanium Studio Workspace/OfflineMap/build/android/gen/com/appcelerator/test/map/R.java to javac build list
[DEBUG] Building Java Sources: "/Users/btran/Documents/Titanium Studio Workspace/OfflineMap/build/android/gen/com/appcelerator/test/map/OfflinemapActivity.java" "/Users/btran/Documents/Titanium Studio Workspace/OfflineMap/build/android/gen/com/appcelerator/test/map/OfflinemapAppInfo.java" "/Users/btran/Documents/Titanium Studio Workspace/OfflineMap/build/android/gen/com/appcelerator/test/map/OfflinemapApplication.java" "/Users/btran/Documents/Titanium Studio Workspace/OfflineMap/build/android/gen/com/appcelerator/test/map/R.java"
[INFO] Waiting for SDCard to become available..
[INFO] Compiling Android Resources... This could take some time
[DEBUG] Android classes.dex built
[DEBUG] creating unsigned apk: /Users/btran/Documents/Titanium Studio Workspace/OfflineMap/build/android/bin/app-unsigned.apk
[DEBUG] from resource zip => assets/Resources/app/models/map.js
[DEBUG] from resource zip => assets/Resources/app/models/search.js
[DEBUG] from resource zip => assets/Resources/app/ui/map.js
[DEBUG] from resource zip => assets/Resources/app/ui/search.js
[DEBUG] from resource zip => assets/Resources/db/map.sqlite
[DEBUG] from resource zip => assets/Resources/lib/proximity.js
[DEBUG] from resource zip => assets/Resources/map/leaflet/images/layers.png
[DEBUG] from resource zip => assets/Resources/map/leaflet/images/marker-icon.png
[DEBUG] from resource zip => assets/Resources/map/leaflet/images/marker-shadow.png
[DEBUG] from resource zip => assets/Resources/map/leaflet/images/zoom-in.png
[DEBUG] from resource zip => assets/Resources/map/leaflet/images/zoom-out.png
[DEBUG] from resource zip => assets/Resources/map/leaflet/leaflet.css
[DEBUG] from resource zip => assets/Resources/map/leaflet/leaflet.js
[DEBUG] from resource zip => assets/Resources/map/lib/13/5353/3501.png
[DEBUG] from resource zip => assets/Resources/map/lib/13/5353/3502.png
[DEBUG] from resource zip => assets/Resources/map/lib/13/5354/3500.png
[DEBUG] from resource zip => assets/Resources/map/lib/13/5354/3501.png
[DEBUG] from resource zip => assets/Resources/map/lib/13/5354/3502.png
[DEBUG] from resource zip => assets/Resources/map/lib/13/5355/3500.png
[DEBUG] from resource zip => assets/Resources/map/lib/13/5355/3501.png
[DEBUG] from resource zip => assets/Resources/map/lib/13/5355/3502.png
[DEBUG] from resource zip => assets/Resources/map/lib/14/10707/7002.png
[DEBUG] from resource zip => assets/Resources/map/lib/14/10707/7003.png
[DEBUG] from resource zip => assets/Resources/map/lib/14/10707/7004.png
[DEBUG] from resource zip => assets/Resources/map/lib/14/10708/7001.png
[DEBUG] from resource zip => assets/Resources/map/lib/14/10708/7002.png
[DEBUG] from resource zip => assets/Resources/map/lib/14/10708/7003.png
[DEBUG] from resource zip => assets/Resources/map/lib/14/10708/7004.png
[DEBUG] from resource zip => assets/Resources/map/lib/14/10709/7001.png
[DEBUG] from resource zip => assets/Resources/map/lib/14/10709/7002.png
[DEBUG] from resource zip => assets/Resources/map/lib/14/10709/7003.png
[DEBUG] from resource zip => assets/Resources/map/lib/14/10709/7004.png
[DEBUG] from resource zip => assets/Resources/map/lib/14/10710/7001.png
[DEBUG] from resource zip => assets/Resources/map/lib/14/10710/7002.png
[DEBUG] from resource zip => assets/Resources/map/lib/14/10710/7003.png
[DEBUG] from resource zip => assets/Resources/map/lib/14/10710/7004.png
[DEBUG] from resource zip => assets/Resources/map/lib/14/10711/7002.png
[DEBUG] from resource zip => assets/Resources/map/lib/14/10711/7003.png
[DEBUG] from resource zip => assets/Resources/map/lib/14/10711/7004.png
[DEBUG] from resource zip => assets/Resources/map/lib/15/21415/14005.png
[DEBUG] from resource zip => assets/Resources/map/lib/15/21415/14006.png
[DEBUG] from resource zip => assets/Resources/map/lib/15/21415/14007.png
[DEBUG] from resource zip => assets/Resources/map/lib/15/21415/14008.png
[DEBUG] from resource zip => assets/Resources/map/lib/15/21415/14009.png
[DEBUG] from resource zip => assets/Resources/map/lib/15/21416/14005.png
[DEBUG] from resource zip => assets/Resources/map/lib/15/21416/14006.png
[DEBUG] from resource zip => assets/Resources/map/lib/15/21416/14007.png
[DEBUG] from resource zip => assets/Resources/map/lib/15/21416/14008.png
[DEBUG] from resource zip => assets/Resources/map/lib/15/21416/14009.png
[DEBUG] from resource zip => assets/Resources/map/lib/15/21417/14003.png
[DEBUG] from resource zip => assets/Resources/map/lib/15/21417/14004.png
[DEBUG] from resource zip => assets/Resources/map/lib/15/21417/14005.png
[DEBUG] from resource zip => assets/Resources/map/lib/15/21417/14006.png
[DEBUG] from resource zip => assets/Resources/map/lib/15/21417/14007.png
[DEBUG] from resource zip => assets/Resources/map/lib/15/21417/14008.png
[DEBUG] from resource zip => assets/Resources/map/lib/15/21417/14009.png
[DEBUG] from resource zip => assets/Resources/map/lib/15/21418/14003.png
[DEBUG] from resource zip => assets/Resources/map/lib/15/21418/14004.png
[DEBUG] from resource zip => assets/Resources/map/lib/15/21418/14005.png
[DEBUG] from resource zip => assets/Resources/map/lib/15/21418/14006.png
[DEBUG] from resource zip => assets/Resources/map/lib/15/21418/14007.png
[DEBUG] from resource zip => assets/Resources/map/lib/15/21418/14008.png
[DEBUG] from resource zip => assets/Resources/map/lib/15/21418/14009.png
[DEBUG] from resource zip => assets/Resources/map/lib/15/21419/14003.png
[DEBUG] from resource zip => assets/Resources/map/lib/15/21419/14004.png
[DEBUG] from resource zip => assets/Resources/map/lib/15/21419/14005.png
[DEBUG] from resource zip => assets/Resources/map/lib/15/21419/14006.png
[DEBUG] from resource zip => assets/Resources/map/lib/15/21419/14007.png
[DEBUG] from resource zip => assets/Resources/map/lib/15/21419/14008.png
[DEBUG] from resource zip => assets/Resources/map/lib/15/21419/14009.png
[DEBUG] from resource zip => assets/Resources/map/lib/15/21420/14003.png
[DEBUG] from resource zip => assets/Resources/map/lib/15/21420/14004.png
[DEBUG] from resource zip => assets/Resources/map/lib/15/21420/14005.png
[DEBUG] from resource zip => assets/Resources/map/lib/15/21420/14006.png
[DEBUG] from resource zip => assets/Resources/map/lib/15/21420/14007.png
[DEBUG] from resource zip => assets/Resources/map/lib/15/21420/14008.png
[DEBUG] from resource zip => assets/Resources/map/lib/15/21420/14009.png
[DEBUG] from resource zip => assets/Resources/map/lib/15/21421/14003.png
[DEBUG] from resource zip => assets/Resources/map/lib/15/21421/14004.png
[DEBUG] from resource zip => assets/Resources/map/lib/15/21421/14005.png
[DEBUG] from resource zip => assets/Resources/map/lib/15/21421/14006.png
[DEBUG] from resource zip => assets/Resources/map/lib/15/21421/14007.png
[DEBUG] from resource zip => assets/Resources/map/lib/15/21421/14008.png
[DEBUG] from resource zip => assets/Resources/map/lib/15/21421/14009.png
[DEBUG] from resource zip => assets/Resources/map/lib/15/21422/14005.png
[DEBUG] from resource zip => assets/Resources/map/lib/15/21422/14006.png
[DEBUG] from resource zip => assets/Resources/map/lib/15/21422/14007.png
[DEBUG] from resource zip => assets/Resources/map/lib/15/21422/14008.png
[DEBUG] from resource zip => assets/Resources/map/lib/15/21422/14009.png
[DEBUG] from resource zip => assets/Resources/map/lib/16/42831/28011.png
[DEBUG] from resource zip => assets/Resources/map/lib/16/42831/28012.png
[DEBUG] from resource zip => assets/Resources/map/lib/16/42831/28013.png
[DEBUG] from resource zip => assets/Resources/map/lib/16/42831/28014.png
[DEBUG] from resource zip => assets/Resources/map/lib/16/42831/28015.png
[DEBUG] from resource zip => assets/Resources/map/lib/16/42831/28016.png
[DEBUG] from resource zip => assets/Resources/map/lib/16/42831/28017.png
[DEBUG] from resource zip => assets/Resources/map/lib/16/42831/28018.png
[DEBUG] from resource zip => assets/Resources/map/lib/16/42832/28011.png
[DEBUG] from resource zip => assets/Resources/map/lib/16/42832/28012.png
[DEBUG] from resource zip => assets/Resources/map/lib/16/42832/28013.png
[DEBUG] from resource zip => assets/Resources/map/lib/16/42832/28014.png
[DEBUG] from resource zip => assets/Resources/map/lib/16/42832/28015.png
[DEBUG] from resource zip => assets/Resources/map/lib/16/42832/28016.png
[DEBUG] from resource zip => assets/Resources/map/lib/16/42832/28017.png
[DEBUG] from resource zip => assets/Resources/map/lib/16/42832/28018.png
[DEBUG] from resource zip => assets/Resources/map/lib/16/42833/28011.png
[DEBUG] from resource zip => assets/Resources/map/lib/16/42833/28012.png
[DEBUG] from resource zip => assets/Resources/map/lib/16/42833/28013.png
[DEBUG] from resource zip => assets/Resources/map/lib/16/42833/28014.png
[DEBUG] from resource zip => assets/Resources/map/lib/16/42833/28015.png
[DEBUG] from resource zip => assets/Resources/map/lib/16/42833/28016.png
[DEBUG] from resource zip => assets/Resources/map/lib/16/42833/28017.png
[DEBUG] from resource zip => assets/Resources/map/lib/16/42833/28018.png
[DEBUG] from resource zip => assets/Resources/map/lib/16/42834/28011.png
[DEBUG] from resource zip => assets/Resources/map/lib/16/42834/28012.png
[DEBUG] from resource zip => assets/Resources/map/lib/16/42834/28013.png
[DEBUG] from resource zip => assets/Resources/map/lib/16/42834/28014.png
[DEBUG] from resource zip => assets/Resources/map/lib/16/42834/28015.png
[DEBUG] from resource zip => assets/Resources/map/lib/16/42834/28016.png
[DEBUG] from resource zip => assets/Resources/map/lib/16/42834/28017.png
[DEBUG] from resource zip => assets/Resources/map/lib/16/42834/28018.png
[DEBUG] from resource zip => assets/Resources/map/lib/16/42835/28007.png
[DEBUG] from resource zip => assets/Resources/map/lib/16/42835/28008.png
[DEBUG] from resource zip => assets/Resources/map/lib/16/42835/28009.png
[DEBUG] from resource zip => assets/Resources/map/lib/16/42835/28010.png
[DEBUG] from resource zip => assets/Resources/map/lib/16/42835/28011.png
[DEBUG] from resource zip => assets/Resources/map/lib/16/42835/28012.png
[DEBUG] from resource zip => assets/Resources/map/lib/16/42835/28013.png
[DEBUG] from resource zip => assets/Resources/map/lib/16/42835/28014.png
[DEBUG] from resource zip => assets/Resources/map/lib/16/42835/28015.png
[DEBUG] from resource zip => assets/Resources/map/lib/16/42835/28016.png
[DEBUG] from resource zip => assets/Resources/map/lib/16/42835/28017.png
[DEBUG] from resource zip => assets/Resources/map/lib/16/42835/28018.png
[DEBUG] from resource zip => assets/Resources/map/lib/16/42836/28007.png
[DEBUG] from resource zip => assets/Resources/map/lib/16/42836/28008.png
[DEBUG] from resource zip => assets/Resources/map/lib/16/42836/28009.png
[DEBUG] from resource zip => assets/Resources/map/lib/16/42836/28010.png
[DEBUG] from resource zip => assets/Resources/map/lib/16/42836/28011.png
[DEBUG] from resource zip => assets/Resources/map/lib/16/42836/28012.png
[DEBUG] from resource zip => assets/Resources/map/lib/16/42836/28013.png
[DEBUG] from resource zip => assets/Resources/map/lib/16/42836/28014.png
[DEBUG] from resource zip => assets/Resources/map/lib/16/42836/28015.png
[DEBUG] from resource zip => assets/Resources/map/lib/16/42836/28016.png
[DEBUG] from resource zip => assets/Resources/map/lib/16/42836/28017.png
[DEBUG] from resource zip => assets/Resources/map/lib/16/42836/28018.png
[DEBUG] from resource zip => assets/Resources/map/lib/16/42837/28007.png
[DEBUG] from resource zip => assets/Resources/map/lib/16/42837/28008.png
[DEBUG] from resource zip => assets/Resources/map/lib/16/42837/28009.png
[DEBUG] from resource zip => assets/Resources/map/lib/16/42837/28010.png
[DEBUG] from resource zip => assets/Resources/map/lib/16/42837/28011.png
[DEBUG] from resource zip => assets/Resources/map/lib/16/42837/28012.png
[DEBUG] from resource zip => assets/Resources/map/lib/16/42837/28013.png
[DEBUG] from resource zip => assets/Resources/map/lib/16/42837/28014.png
[DEBUG] from resource zip => assets/Resources/map/lib/16/42837/28015.png
[DEBUG] from resource zip => assets/Resources/map/lib/16/42837/28016.png
[DEBUG] from resource zip => assets/Resources/map/lib/16/42837/28017.png
[DEBUG] from resource zip => assets/Resources/map/lib/16/42837/28018.png
[DEBUG] from resource zip => assets/Resources/map/lib/16/42838/28007.png
[DEBUG] from resource zip => assets/Resources/map/lib/16/42838/28008.png
[DEBUG] from resource zip => assets/Resources/map/lib/16/42838/28009.png
[DEBUG] from resource zip => assets/Resources/map/lib/16/42838/28010.png
[DEBUG] from resource zip => assets/Resources/map/lib/16/42838/28011.png
[DEBUG] from resource zip => assets/Resources/map/lib/16/42838/28012.png
[DEBUG] from resource zip => assets/Resources/map/lib/16/42838/28013.png
[DEBUG] from resource zip => assets/Resources/map/lib/16/42838/28014.png
[DEBUG] from resource zip => assets/Resources/map/lib/16/42838/28015.png
[DEBUG] from resource zip => assets/Resources/map/lib/16/42838/28016.png
[DEBUG] from resource zip => assets/Resources/map/lib/16/42838/28017.png
[DEBUG] from resource zip => assets/Resources/map/lib/16/42838/28018.png
[DEBUG] from resource zip => assets/Resources/map/lib/16/42839/28007.png
[DEBUG] from resource zip => assets/Resources/map/lib/16/42839/28008.png
[DEBUG] from resource zip => assets/Resources/map/lib/16/42839/28009.png
[DEBUG] from resource zip => assets/Resources/map/lib/16/42839/28010.png
[DEBUG] from resource zip => assets/Resources/map/lib/16/42839/28011.png
[DEBUG] from resource zip => assets/Resources/map/lib/16/42839/28012.png
[DEBUG] from resource zip => assets/Resources/map/lib/16/42839/28013.png
[DEBUG] from resource zip => assets/Resources/map/lib/16/42839/28014.png
[DEBUG] from resource zip => assets/Resources/map/lib/16/42839/28015.png
[DEBUG] from resource zip => assets/Resources/map/lib/16/42839/28016.png
[DEBUG] from resource zip => assets/Resources/map/lib/16/42839/28017.png
[DEBUG] from resource zip => assets/Resources/map/lib/16/42839/28018.png
[DEBUG] from resource zip => assets/Resources/map/lib/16/42840/28007.png
[DEBUG] from resource zip => assets/Resources/map/lib/16/42840/28008.png
[DEBUG] from resource zip => assets/Resources/map/lib/16/42840/28009.png
[DEBUG] from resource zip => assets/Resources/map/lib/16/42840/28010.png
[DEBUG] from resource zip => assets/Resources/map/lib/16/42840/28011.png
[DEBUG] from resource zip => assets/Resources/map/lib/16/42840/28012.png
[DEBUG] from resource zip => assets/Resources/map/lib/16/42840/28013.png
[DEBUG] from resource zip => assets/Resources/map/lib/16/42840/28014.png
[DEBUG] from resource zip => assets/Resources/map/lib/16/42840/28015.png
[DEBUG] from resource zip => assets/Resources/map/lib/16/42840/28016.png
[DEBUG] from resource zip => assets/Resources/map/lib/16/42840/28017.png
[DEBUG] from resource zip => assets/Resources/map/lib/16/42840/28018.png
[DEBUG] from resource zip => assets/Resources/map/lib/16/42841/28007.png
[DEBUG] from resource zip => assets/Resources/map/lib/16/42841/28008.png
[DEBUG] from resource zip => assets/Resources/map/lib/16/42841/28009.png
[DEBUG] from resource zip => assets/Resources/map/lib/16/42841/28010.png
[DEBUG] from resource zip => assets/Resources/map/lib/16/42841/28011.png
[DEBUG] from resource zip => assets/Resources/map/lib/16/42841/28012.png
[DEBUG] from resource zip => assets/Resources/map/lib/16/42841/28013.png
[DEBUG] from resource zip => assets/Resources/map/lib/16/42841/28014.png
[DEBUG] from resource zip => assets/Resources/map/lib/16/42841/28015.png
[DEBUG] from resource zip => assets/Resources/map/lib/16/42841/28016.png
[DEBUG] from resource zip => assets/Resources/map/lib/16/42841/28017.png
[DEBUG] from resource zip => assets/Resources/map/lib/16/42841/28018.png
[DEBUG] from resource zip => assets/Resources/map/lib/16/42842/28007.png
[DEBUG] from resource zip => assets/Resources/map/lib/16/42842/28008.png
[DEBUG] from resource zip => assets/Resources/map/lib/16/42842/28009.png
[DEBUG] from resource zip => assets/Resources/map/lib/16/42842/28010.png
[DEBUG] from resource zip => assets/Resources/map/lib/16/42842/28011.png
[DEBUG] from resource zip => assets/Resources/map/lib/16/42842/28012.png
[DEBUG] from resource zip => assets/Resources/map/lib/16/42842/28013.png
[DEBUG] from resource zip => assets/Resources/map/lib/16/42842/28014.png
[DEBUG] from resource zip => assets/Resources/map/lib/16/42842/28015.png
[DEBUG] from resource zip => assets/Resources/map/lib/16/42842/28016.png
[DEBUG] from resource zip => assets/Resources/map/lib/16/42842/28017.png
[DEBUG] from resource zip => assets/Resources/map/lib/16/42842/28018.png
[DEBUG] from resource zip => assets/Resources/map/lib/16/42843/28011.png
[DEBUG] from resource zip => assets/Resources/map/lib/16/42843/28012.png
[DEBUG] from resource zip => assets/Resources/map/lib/16/42843/28013.png
[DEBUG] from resource zip => assets/Resources/map/lib/16/42843/28014.png
[DEBUG] from resource zip => assets/Resources/map/lib/16/42843/28015.png
[DEBUG] from resource zip => assets/Resources/map/lib/16/42843/28016.png
[DEBUG] from resource zip => assets/Resources/map/lib/16/42843/28017.png
[DEBUG] from resource zip => assets/Resources/map/lib/16/42843/28018.png
[DEBUG] from resource zip => assets/Resources/map/lib/16/42844/28011.png
[DEBUG] from resource zip => assets/Resources/map/lib/16/42844/28012.png
[DEBUG] from resource zip => assets/Resources/map/lib/16/42844/28013.png
[DEBUG] from resource zip => assets/Resources/map/lib/16/42844/28014.png
[DEBUG] from resource zip => assets/Resources/map/lib/16/42844/28015.png
[DEBUG] from resource zip => assets/Resources/map/lib/16/42844/28016.png
[DEBUG] from resource zip => assets/Resources/map/lib/16/42844/28017.png
[DEBUG] from resource zip => assets/Resources/map/lib/16/42844/28018.png
[DEBUG] from resource zip => assets/Resources/map/map.html
[DEBUG] from resource zip => assets/Resources/map/map.js
[DEBUG] from resource zip => assets/Resources/KS_nav_ui.png
[DEBUG] from resource zip => assets/Resources/KS_nav_views.png
[DEBUG] from resource zip => assets/Resources/app.js
[DEBUG] from resource zip => assets/Resources/appicon.png
[DEBUG] from resource zip => assets/Resources/core.js
[DEBUG] from resource zip => assets/Resources/default.png
[DEBUG] from resource zip => assets/app.json
[DEBUG] from resource zip => assets/index.json
[DEBUG] from resource zip => assets/tiapp.xml
[DEBUG] from resource zip => res/drawable/appicon.png
[DEBUG] from resource zip => res/drawable/background.png
[DEBUG] from resource zip => res/drawable/close.png
[DEBUG] from resource zip => res/drawable/facebook_login.png
[DEBUG] from resource zip => res/drawable/facebook_login_down.png
[DEBUG] from resource zip => res/drawable/facebook_login_wide.png
[DEBUG] from resource zip => res/drawable/facebook_login_wide_down.png
[DEBUG] from resource zip => res/drawable/facebook_logout.png
[DEBUG] from resource zip => res/drawable/facebook_logout_down.png
[DEBUG] from resource zip => res/layout/titanium_tabgroup.xml
[DEBUG] from resource zip => AndroidManifest.xml
[DEBUG] from resource zip => resources.arsc
[DEBUG] from resource zip => res/drawable-hdpi/close.png
[DEBUG] from resource zip => res/drawable-ldpi/close.png
[DEBUG] from resource zip => res/drawable-long-land-hdpi/background.png
[DEBUG] from resource zip => res/drawable-long-land-ldpi/background.png
[DEBUG] from resource zip => res/drawable-long-port-hdpi/background.png
[DEBUG] from resource zip => res/drawable-long-port-ldpi/background.png
[DEBUG] from resource zip => res/drawable-notlong-land-hdpi/background.png
[DEBUG] from resource zip => res/drawable-notlong-land-ldpi/background.png
[DEBUG] from resource zip => res/drawable-notlong-land-mdpi/background.png
[DEBUG] from resource zip => res/drawable-notlong-port-hdpi/background.png
[DEBUG] from resource zip => res/drawable-notlong-port-ldpi/background.png
[DEBUG] from resource zip => res/drawable-notlong-port-mdpi/background.png
[DEBUG] from JAR /Users/btran/Library/Application Support/Titanium/mobilesdk/osx/2.1.4.GA/android/modules/titanium-ui.jar => ti/modules/titanium/ui/widget/webview/binding.js
[DEBUG] from JAR /Users/btran/Library/Application Support/Titanium/mobilesdk/osx/2.1.4.GA/android/modules/titanium-ui.jar => ti/modules/titanium/ui/widget/webview/binding.min.js
[DEBUG] from JAR /Users/btran/Library/Application Support/Titanium/mobilesdk/osx/2.1.4.GA/android/modules/titanium-ui.jar => ti/modules/titanium/ui/widget/webview/json2.js
[DEBUG] from JAR /Users/btran/Library/Application Support/Titanium/mobilesdk/osx/2.1.4.GA/android/modules/titanium-ui.jar => ti/modules/titanium/ui/widget/webview/polling.js
[DEBUG] from JAR /Users/btran/Library/Application Support/Titanium/mobilesdk/osx/2.1.4.GA/android/modules/titanium-ui.jar => ti/modules/titanium/ui/widget/webview/polling.min.js
[DEBUG] from JAR /Users/btran/Library/Application Support/Titanium/mobilesdk/osx/2.1.4.GA/android/titanium.jar => org/appcelerator/titanium/build.properties
[DEBUG] from JAR /Users/btran/Library/Application Support/Titanium/mobilesdk/osx/2.1.4.GA/android/titanium.jar => org/appcelerator/titanium/res/drawable/background.png
[DEBUG] from JAR /Users/btran/Library/Application Support/Titanium/mobilesdk/osx/2.1.4.GA/android/titanium.jar => org/appcelerator/titanium/res/drawable/btn_check_buttonless_on.png
[DEBUG] from JAR /Users/btran/Library/Application Support/Titanium/mobilesdk/osx/2.1.4.GA/android/titanium.jar => org/appcelerator/titanium/res/drawable/btn_check_buttonless_on_18.png
[DEBUG] from JAR /Users/btran/Library/Application Support/Titanium/mobilesdk/osx/2.1.4.GA/android/titanium.jar => org/appcelerator/titanium/res/drawable/btn_check_buttonless_on_48.png
[DEBUG] from JAR /Users/btran/Library/Application Support/Titanium/mobilesdk/osx/2.1.4.GA/android/titanium.jar => org/appcelerator/titanium/res/drawable/btn_more.png
[DEBUG] from JAR /Users/btran/Library/Application Support/Titanium/mobilesdk/osx/2.1.4.GA/android/titanium.jar => org/appcelerator/titanium/res/drawable/btn_more_18.png
[DEBUG] from JAR /Users/btran/Library/Application Support/Titanium/mobilesdk/osx/2.1.4.GA/android/titanium.jar => org/appcelerator/titanium/res/drawable/btn_more_48.png
[DEBUG] from JAR /Users/btran/Library/Application Support/Titanium/mobilesdk/osx/2.1.4.GA/android/titanium.jar => org/appcelerator/titanium/res/drawable/btn_picker_normal.9.png
[DEBUG] from JAR /Users/btran/Library/Application Support/Titanium/mobilesdk/osx/2.1.4.GA/android/titanium.jar => org/appcelerator/titanium/res/drawable/btn_picker_pressed.9.png
[DEBUG] from JAR /Users/btran/Library/Application Support/Titanium/mobilesdk/osx/2.1.4.GA/android/titanium.jar => org/appcelerator/titanium/res/drawable/btn_picker_selected.9.png
[DEBUG] from JAR /Users/btran/Library/Application Support/Titanium/mobilesdk/osx/2.1.4.GA/android/titanium.jar => org/appcelerator/titanium/res/drawable/default_icon.png
[DEBUG] from JAR /Users/btran/Library/Application Support/Titanium/mobilesdk/osx/2.1.4.GA/android/titanium.jar => org/appcelerator/titanium/res/drawable/photoDefault.png
[DEBUG] from JAR /Users/btran/Library/Application Support/Titanium/mobilesdk/osx/2.1.4.GA/android/thirdparty.jar => org/apache/Commons-NOTICE.txt
[DEBUG] from JAR /Users/btran/Library/Application Support/Titanium/mobilesdk/osx/2.1.4.GA/android/thirdparty.jar => org/apache/HttpComponents-NOTICE.txt
[DEBUG] from JAR /Users/btran/Library/Application Support/Titanium/mobilesdk/osx/2.1.4.GA/android/thirdparty.jar => org/apache/mime4j-NOTICE.txt
[DEBUG] from JAR /Users/btran/Library/Application Support/Titanium/mobilesdk/osx/2.1.4.GA/android/modules/titanium-facebook.jar => ti/modules/titanium/facebook/LICENSE
[DEBUG] installing native SDK libs
[DEBUG] Waiting for device to be ready ...
[TRACE] adb devices returned 1 devices/emulators
[DEBUG] Device connected... (waited 0 seconds)
[DEBUG] waited 0.021357 seconds on emulator to get ready
[INFO] Installing application on emulator
[INFO] Launching application ... OfflineMap
[TRACE] Launch output: Starting: Intent { act=android.intent.action.MAIN cat=[android.intent.category.LAUNCHER] flg=0x10200000 cmp=com.appcelerator.test.map/.OfflinemapActivity }

[INFO] Deployed OfflineMap ... Application should be running.
[INFO] Android Emulator has exited
